0 info it worked if it ends with ok
1 verbose cli [ 'node', '/usr/local/bin/npm', 'start' ]
2 info using npm@1.4.3
3 info using node@v0.10.26
4 verbose run-script [ 'prestart', 'start', 'poststart' ]
5 info prestart praisr@0.0.1
6 info start praisr@0.0.1
7 verbose unsafe-perm in lifecycle true
8 info praisr@0.0.1 Failed to exec start script
9 error praisr@0.0.1 start: `watchify src/app.js -o public/app.min.js&; nodemon -e js,html,txt,css --watch src/ server.js `
9 error Exit status 2
10 error Failed at the praisr@0.0.1 start script.
10 error This is most likely a problem with the praisr package,
10 error not with npm itself.
10 error Tell the author that this fails on your system:
10 error     watchify src/app.js -o public/app.min.js&; nodemon -e js,html,txt,css --watch src/ server.js
10 error You can get their info via:
10 error     npm owner ls praisr
10 error There is likely additional logging output above.
11 error System Darwin 12.6.0
12 error command "node" "/usr/local/bin/npm" "start"
13 error cwd /Users/akim/workspace/praisr
14 error node -v v0.10.26
15 error npm -v 1.4.3
16 error code ELIFECYCLE
17 verbose exit [ 1, true ]
